<?xml version="1.0" encoding="UTF-8"?>
<!-- Generated by org.testng.reporters.JUnitXMLReporter -->
<testsuite hostname="LAPTOP-8S9POBJ4" ignored="12" name="Command line test" tests="4" failures="0" timestamp="2022-04-01T19:09:25 IST" time="131.949" errors="0">
  <testcase name="createCampaignChooseProduct" time="28.711" classname="com.crm.RaJVtiger.TestScripts.CreateCompaignChooseProjectTest"/>
  <testcase name="createContactchooseOrganization" time="31.693" classname="com.crm.RaJVtiger.TestScripts.CreateContactwithChooseOrganizationTest"/>
  <testcase name="createOrganization" time="15.205" classname="com.crm.RaJVtiger.TestScripts.CreateOrganigationTest"/>
  <testcase name="createProduct" time="14.018" classname="com.crm.RaJVtiger.TestScripts.CreateProductTest"/>
  <testcase name="@BeforeSuite beforeSiute" time="0.0" classname="com.crm.RaJVtiger.GenericUtility.BaseClass">
    <ignored/>
  </testcase> <!-- @BeforeSuite beforeSiute -->
  <testcase name="@BeforeSuite beforeSiute" time="0.0" classname="com.crm.RaJVtiger.GenericUtility.BaseClass">
    <ignored/>
  </testcase> <!-- @BeforeSuite beforeSiute -->
  <testcase name="@BeforeSuite beforeSiute" time="0.0" classname="com.crm.RaJVtiger.GenericUtility.BaseClass">
    <ignored/>
  </testcase> <!-- @BeforeSuite beforeSiute -->
  <testcase name="@AfterTest afterTest" time="0.0" classname="com.crm.RaJVtiger.GenericUtility.BaseClass">
    <ignored/>
  </testcase> <!-- @AfterTest afterTest -->
  <testcase name="@AfterTest afterTest" time="0.0" classname="com.crm.RaJVtiger.GenericUtility.BaseClass">
    <ignored/>
  </testcase> <!-- @AfterTest afterTest -->
  <testcase name="@AfterTest afterTest" time="0.0" classname="com.crm.RaJVtiger.GenericUtility.BaseClass">
    <ignored/>
  </testcase> <!-- @AfterTest afterTest -->
  <testcase name="@BeforeTest beforeTest" time="0.0" classname="com.crm.RaJVtiger.GenericUtility.BaseClass">
    <ignored/>
  </testcase> <!-- @BeforeTest beforeTest -->
  <testcase name="@BeforeTest beforeTest" time="0.0" classname="com.crm.RaJVtiger.GenericUtility.BaseClass">
    <ignored/>
  </testcase> <!-- @BeforeTest beforeTest -->
  <testcase name="@BeforeTest beforeTest" time="0.0" classname="com.crm.RaJVtiger.GenericUtility.BaseClass">
    <ignored/>
  </testcase> <!-- @BeforeTest beforeTest -->
  <testcase name="@AfterSuite AfterSiute" time="0.0" classname="com.crm.RaJVtiger.GenericUtility.BaseClass">
    <ignored/>
  </testcase> <!-- @AfterSuite AfterSiute -->
  <testcase name="@AfterSuite AfterSiute" time="0.0" classname="com.crm.RaJVtiger.GenericUtility.BaseClass">
    <ignored/>
  </testcase> <!-- @AfterSuite AfterSiute -->
  <testcase name="@AfterSuite AfterSiute" time="0.0" classname="com.crm.RaJVtiger.GenericUtility.BaseClass">
    <ignored/>
  </testcase> <!-- @AfterSuite AfterSiute -->
</testsuite> <!-- Command line test -->
